<?xml version="1.0" encoding="UTF-8"?>
<!-- Generated by org.testng.reporters.JUnitReportReporter -->
<testsuite hostname="muthukrishnans-MacBook-Air.local" failures="0" tests="7" name="Test.ToDos.AppTest" time="72.213" errors="0" timestamp="2024-04-27T15:14:18 SGT" skipped="0">
  <testcase classname="Test.ToDos.AppTest" name="AddToDos" time="6.972"/>
  <system-out/>
  <testcase classname="Test.ToDos.AppTest" name="MarkComplete" time="14.022"/>
  <system-out/>
  <testcase classname="Test.ToDos.AppTest" name="DisplayStatus" time="27.937"/>
  <system-out/>
  <testcase classname="Test.ToDos.AppTest" name="EditToDo" time="7.819"/>
  <system-out/>
  <testcase classname="Test.ToDos.AppTest" name="ClearCompleted" time="5.347"/>
  <system-out/>
  <testcase classname="Test.ToDos.AppTest" name="MarkAllToDos" time="1.349"/>
  <system-out/>
  <testcase classname="Test.ToDos.AppTest" name="ClearAllToDos" time="8.767"/>
  <system-out/>
</testsuite> <!-- Test.ToDos.AppTest -->
